app/build/outputs/mapping/release/seeds.txt
com.ewinz.winz.GpsTrackingService
com.ewinz.winz.MainActivity
com.ewinz.winz.GpsTrackingService: GpsTrackingService()
com.ewinz.winz.MainActivity: MainActivity()
...
com.google.android.material.checkbox.MaterialCheckBox: int getCheckedState()
androidx.core.widget.TextViewCompat$Api17Impl: void setCompoundDrawablesRelativeWithIntrinsicBounds(android.widget.TextView,android.graphics.drawable.Drawable,android.graphics.drawable.Drawable,android.graphics.drawable.Drawable,android.graphics.drawable.Drawable)
androidx.vectordrawable.graphics.drawable.VectorDrawableCompat$VFullPath: void setFillColor(int)
androidx.core.widget.CompoundButtonCompat$Api23Impl: android.graphics.drawable.Drawable getButtonDrawable(android.widget.CompoundButton)
androidx.core.view.accessibility.AccessibilityRecordCompat$Api15Impl: int getMaxScrollY(android.view.accessibility.AccessibilityRecord)
androidx.lifecycle.EmptyActivityLifecycleCallbacks: void onActivityCreated(android.app.Activity,android.os.Bundle)
androidx.appcompat.widget.AppCompatTextView: void setTextMetricsParamsCompat(androidx.core.text.PrecomputedTextCompat$Params)
androidx.core.graphics.drawable.IconCompat$Api30Impl: android.graphics.drawable.Icon createWithAdaptiveBitmapContentUri(android.net.Uri)
androidx.constraintlayout.core.widgets.ConstraintAnchor$Type: androidx.constraintlayout.core.widgets.ConstraintAnchor$Type valueOf(java.lang.String)
androidx.core.view.WindowInsetsCompat$Impl20: androidx.core.graphics.Insets getInsetsForType(int,boolean)
kotlinx.coroutines.android.AndroidExceptionPreHandler: AndroidExceptionPreHandler()
com.google.android.material.button.MaterialButton: android.text.Layout$Alignment getGravityTextAlignment()
androidx.core.app.NotificationCompatBuilder$Api26Impl: android.app.Notification$Builder createBuilder(android.content.Context,java.lang.String)
com.google.android.material.chip.Chip: void setAccessibilityClassName(java.lang.CharSequence)
androidx.core.view.WindowInsetsCompat$Impl20: androidx.core.graphics.Insets getInsets(int,boolean)
com.google.android.material.floatingactionbutton.ExtendedFloatingActionButton$ExtendedFloatingActionButtonBehavior: ExtendedFloatingActionButton$ExtendedFloatingActionButtonBehavior()
com.google.android.material.internal.ForegroundLinearLayout: void setForegroundGravity(int)
androidx.appcompat.widget.AppCompatCheckedTextView: android.content.res.ColorStateList getSupportBackgroundTintList()
com.google.android.material.chip.Chip: android.graphics.RectF getCloseIconTouchBounds()
androidx.appcompat.widget.SearchView$SearchAutoComplete: void setImeVisibility(boolean)
androidx.core.view.accessibility.AccessibilityNodeInfoCompat$Api34Impl: void getBoundsInWindow(android.view.accessibility.AccessibilityNodeInfo,android.graphics.Rect)
androidx.lifecycle.EmptyActivityLifecycleCallbacks: void onActivityStarted(android.app.Activity)
androidx.appcompat.widget.AppCompatCheckedTextView: void setCheckMarkDrawable(android.graphics.drawable.Drawable)
com.google.android.material.textfield.TextInputLayout: void setPasswordVisibilityToggleContentDescription(java.lang.CharSequence)
androidx.appcompat.widget.SearchView: androidx.cursoradapter.widget.CursorAdapter getSuggestionsAdapter()
androidx.appcompat.widget.AppCompatTextView: void setAutoSizeTextTypeWithDefaults(int)
androidx.appcompat.widget.AppCompatTextViewAutoSizeHelper$Impl: boolean isHorizontallyScrollable(android.widget.TextView)
androidx.vectordrawable.graphics.drawable.VectorDrawableCompat$VFullPath: void setStrokeWidth(float)
androidx.appcompat.app.AppCompatDelegate$Api24Impl: android.os.LocaleList localeListForLanguageTags(java.lang.String)
com.google.android.material.transformation.FabTransformationScrimBehavior: FabTransformationScrimBehavior()
com.google.android.material.checkbox.MaterialCheckBox: void setButtonIconTintMode(android.graphics.PorterDuff$Mode)
androidx.recyclerview.widget.RecyclerView: void setOnFlingListener(androidx.recyclerview.widget.RecyclerView$OnFlingListener)
androidx.core.view.WindowInsetsCompat$Impl20: boolean equals(java.lang.Object)