app/build/outputs/mapping/release/mapping.txt
# compiler: R8
# compiler_version: 8.1.56
# min_api: 21
# common_typos_disable
# {"id":"com.android.tools.r8.mapping","version":"2.2"}
# pg_map_id: bf75eda
# pg_map_hash: SHA-256 bf75eda06604f46da62a1e406ee9b10f3faeb0131c07721712db0966b9d64289
com.ewinz.winz.GpsTrackingService -> com.ewinz.winz.GpsTrackingService:
    long intervalMs -> a
    float distance -> b
    boolean isSearching -> c
    boolean gnssFix -> d
    int satelliteCount -> e
    int lastSatelliteCount -> f
    boolean lastGnssFix -> g
    java.lang.String lastNotificationContent -> h
    android.location.LocationManager locationManager -> i
    java.lang.String CHANNEL_ID -> j
    int NOTIFICATION_ID -> k
    android.location.LocationListener locationListener -> l
    android.location.GnssStatus$Callback gnssStatusCallback -> m
    1:1:boolean access$getGnssFix$p(com.ewinz.winz.GpsTrackingService):0:0 -> a
    1:1:boolean access$getLastGnssFix$p(com.ewinz.winz.GpsTrackingService):0:0 -> b
    1:1:int access$getLastSatelliteCount$p(com.ewinz.winz.GpsTrackingService):0:0 -> c
    1:1:boolean access$isSearching$p(com.ewinz.winz.GpsTrackingService):0:0 -> d
    1:1:void access$processLocation(com.ewinz.winz.GpsTrackingService,android.location.Location):0:0 -> e
    1:1:void access$setGnssFix$p(com.ewinz.winz.GpsTrackingService,boolean):0:0 -> f
    1:1:void access$setLastGnssFix$p(com.ewinz.winz.GpsTrackingService,boolean):0:0 -> g
    1:1:void access$setLastSatelliteCount$p(com.ewinz.winz.GpsTrackingService,int):0:0 -> h
    1:1:void access$setSatelliteCount$p(com.ewinz.winz.GpsTrackingService,int):0:0 -> i
    1:1:void access$updateNotificationIfChanged(com.ewinz.winz.GpsTrackingService,java.lang.String):0:0 -> j
com.ewinz.winz.GpsTrackingService$$ExternalSyntheticApiModelOutline0 -> m0.a:
# {"id":"sourceFile","fileName":"R8$$SyntheticClass"}
# {"id":"com.android.tools.r8.synthesized"}
    1:1:void com.ewinz.winz.GpsTrackingService$$InternalSyntheticApiModelOutline$1$407afb8be86efd5898de876504ec51e7aaf4e9957e413eb5816bd366a501360d$0.m(android.app.NotificationChannel,java.lang.String):0:0 -> a
      # {"id":"com.android.tools.r8.synthesized"}
com.ewinz.winz.GpsTrackingService$$ExternalSyntheticApiModelOutline1 -> m0.b:
# {"id":"sourceFile","fileName":"R8$$SyntheticClass"}
# {"id":"com.android.tools.r8.synthesized"}
    1:1:void com.ewinz.winz.GpsTrackingService$$InternalSyntheticApiModelOutline$1$407afb8be86efd5898de876504ec51e7aaf4e9957e413eb5816bd366a501360d$1.m(android.app.NotificationManager,android.app.NotificationChannel):0:0 -> a
      # {"id":"com.android.tools.r8.synthesized"}
com.ewinz.winz.GpsTrackingService$$ExternalSyntheticApiModelOutline2 -> m0.c:
# {"id":"sourceFile","fileName":"R8$$SyntheticClass"}
# {"id":"com.android.tools.r8.synthesized"}
    1:1:void com.ewinz.winz.GpsTrackingService$$InternalSyntheticApiModelOutline$1$6ea326f45fa509ed06e5e33d157d7d3fe331fa84b8c9571804f7db77015886ad$0.m(android.location.LocationManager,android.location.GnssStatus$Callback):0:0 -> a
      # {"id":"com.android.tools.r8.synthesized"}
com.ewinz.winz.GpsTrackingService$$ExternalSyntheticApiModelOutline3 -> m0.d:
# {"id":"sourceFile","fileName":"R8$$SyntheticClass"}
# {"id":"com.android.tools.r8.synthesized"}
    1:1:void com.ewinz.winz.GpsTrackingService$$InternalSyntheticApiModelOutline$1$6ea326f45fa509ed06e5e33d157d7d3fe331fa84b8c9571804f7db77015886ad$1.m(com.ewinz.winz.GpsTrackingService,int):0:0 -> a
      # {"id":"com.android.tools.r8.synthesized"}
com.ewinz.winz.GpsTrackingService$$ExternalSyntheticApiModelOutline4 -> m0.e:
# {"id":"sourceFile","fileName":"R8$$SyntheticClass"}
# {"id":"com.android.tools.r8.synthesized"}
    1:1:int com.ewinz.winz.GpsTrackingService$$InternalSyntheticApiModelOutline$1$8a37f195eeeb7aefed9a9e6cf1fbc1005ab43f97c5b58021c8ea250ea884c8f5$0.m(com.ewinz.winz.GpsTrackingService,java.lang.String):0:0 -> a
      # {"id":"com.android.tools.r8.synthesized"}
...
androidx.appcompat.app.AppLocalesStorageHelper$SerialExecutor$$ExternalSyntheticLambda0 -> androidx.appcompat.app.a0:
# {"id":"sourceFile","fileName":"R8$$SyntheticClass"}
# {"id":"com.android.tools.r8.synthesized"}
    androidx.appcompat.app.AppLocalesStorageHelper$SerialExecutor androidx.appcompat.app.AppLocalesStorageHelper$SerialExecutor$$InternalSyntheticLambda$1$d83da90378edfef33d93bb4a13a0581c0950b0fd40ae81dacd53befaa7b3780c$0.f$0 -> d
    java.lang.Runnable androidx.appcompat.app.AppLocalesStorageHelper$SerialExecutor$$InternalSyntheticLambda$1$d83da90378edfef33d93bb4a13a0581c0950b0fd40ae81dacd53befaa7b3780c$0.f$1 -> e
    1:1:void androidx.appcompat.app.AppLocalesStorageHelper$SerialExecutor$$InternalSyntheticLambda$1$d83da90378edfef33d93bb4a13a0581c0950b0fd40ae81dacd53befaa7b3780c$0.<init>(androidx.appcompat.app.AppLocalesStorageHelper$SerialExecutor,java.lang.Runnable):0:0 -> <init>
      # {"id":"com.android.tools.r8.synthesized"}
      # {"id":"com.android.tools.r8.residualsignature","signature":"(Landroidx/appcompat/app/b0$a;Ljava/lang/Runnable;)V"}
    1:1:void androidx.appcompat.app.AppLocalesStorageHelper$SerialExecutor$$InternalSyntheticLambda$1$d83da90378edfef33d93bb4a13a0581c0950b0fd40ae81dacd53befaa7b3780c$0.run():0:0 -> run
      # {"id":"com.android.tools.r8.synthesized"}
androidx.appcompat.app.AppLocalesStorageHelper$ThreadPerTaskExecutor -> androidx.appcompat.app.b0$b:
androidx.appcompat.app.LayoutIncludeDetector -> androidx.appcompat.app.c0:
    java.util.Deque mXmlParserStack -> a
    1:1:boolean detect(android.util.AttributeSet):0:0 -> a
    1:1:boolean isParserOutdated(org.xmlpull.v1.XmlPullParser):0:0 -> b
    1:1:org.xmlpull.v1.XmlPullParser popOutdatedAttrHolders(java.util.Deque):0:0 -> c
    1:1:boolean shouldInheritContext(org.xmlpull.v1.XmlPullParser,org.xmlpull.v1.XmlPullParser):0:0 -> d
androidx.appcompat.app.LocaleOverlayHelper -> androidx.appcompat.app.d0:
    1:1:androidx.core.os.LocaleListCompat combineLocales(androidx.core.os.LocaleListCompat,androidx.core.os.LocaleListCompat):0:0 -> a
      # {"id":"com.android.tools.r8.residualsignature","signature":"(Landroidx/core/os/c;Landroidx/core/os/c;)Landroidx/core/os/c;"}
    1:1:androidx.core.os.LocaleListCompat combineLocalesIfOverlayExists(androidx.core.os.LocaleListCompat,androidx.core.os.LocaleListCompat):0:0 -> b
      # {"id":"com.android.tools.r8.residualsignature","signature":"(Landroidx/core/os/c;Landroidx/core/os/c;)Landroidx/core/os/c;"}
androidx.appcompat.app.ResourcesFlusher -> androidx.appcompat.app.e0:
    java.lang.reflect.Field sDrawableCacheField -> a
    boolean sDrawableCacheFieldFetched -> b
    java.lang.Class sThemedResourceCacheClazz -> c
    boolean sThemedResourceCacheClazzFetched -> d
    java.lang.reflect.Field sThemedResourceCache_mUnthemedEntriesField -> e
    boolean sThemedResourceCache_mUnthemedEntriesFieldFetched -> f
    java.lang.reflect.Field sResourcesImplField -> g
    boolean sResourcesImplFieldFetched -> h
    1:1:void flush(android.content.res.Resources):0:0 -> a
    1:1:void flushLollipops(android.content.res.Resources):0:0 -> b
    1:1:void flushMarshmallows(android.content.res.Resources):0:0 -> c
    1:1:void flushNougats(android.content.res.Resources):0:0 -> d
    1:1:void flushThemedResourcesCache(java.lang.Object):0:0 -> e
androidx.appcompat.app.ResourcesFlusher$Api16Impl -> androidx.appcompat.app.e0$a:
    1:1:void clear(android.util.LongSparseArray):0:0 -> a
androidx.appcompat.app.TwilightCalculator -> androidx.appcompat.app.f0:
    long sunset -> a
    long sunrise -> b
    int state -> c
    androidx.appcompat.app.TwilightCalculator sInstance -> d
    1:1:void calculateTwilight(long,double,double):0:0 -> a
    1:1:androidx.appcompat.app.TwilightCalculator getInstance():0:0 -> b
      # {"id":"com.android.tools.r8.residualsignature","signature":"()Landroidx/appcompat/app/f0;"}