app/build/outputs/mapping/release/usage.txt
com.ewinz.winz.R$color
com.ewinz.winz.R$drawable
com.ewinz.winz.R$id:
    public static int buttontes
    public static int buttontes1
    public static int drawerLayout
    public static int headerText
    private void <init>()
com.ewinz.winz.R$layout:
    public static int drawer_header
    private void <init>()
com.ewinz.winz.R$menu
com.ewinz.winz.R$mipmap
com.ewinz.winz.R$string:
    public static int app_name
    private void <init>()
com.ewinz.winz.R$style
com.ewinz.winz.R$xml
com.ewinz.winz.R
com.ewinz.winz.SystemFileDownloader:
    private static final java.lang.String USER_AGENT
com.ewinz.winz.databinding.ActivityMainBinding:
    public synthetic bridge android.view.View getRoot()
com.ewinz.winz.databinding.DrawerHeaderBinding
...
androidx.core.util.LruCacheKt$lruCache$3
androidx.core.util.LruCacheKt$lruCache$4
androidx.core.util.LruCacheKt
androidx.core.util.ObjectsCompat$Api19Impl:
    private void <init>()
androidx.core.util.ObjectsCompat:
    private void <init>()
    public static int hashCode(java.lang.Object)
    public static java.lang.Object requireNonNull(java.lang.Object)
    public static java.lang.String toString(java.lang.Object,java.lang.String)
androidx.core.util.Pair:
    public static androidx.core.util.Pair create(java.lang.Object,java.lang.Object)
androidx.core.util.PairKt
androidx.core.util.PatternsCompat
androidx.core.util.Pools
androidx.core.util.Preconditions:
    private void <init>()
    public static varargs void checkArgument(boolean,java.lang.String,java.lang.Object[])
    public static float checkArgumentFinite(float,java.lang.String)
    public static double checkArgumentInRange(double,double,double,java.lang.String)
    public static float checkArgumentInRange(float,float,float,java.lang.String)
    public static long checkArgumentInRange(long,long,long,java.lang.String)
    public static void checkState(boolean)
    public static java.lang.CharSequence checkStringNotEmpty(java.lang.CharSequence)
    public static java.lang.CharSequence checkStringNotEmpty(java.lang.CharSequence,java.lang.Object)
    public static varargs java.lang.CharSequence checkStringNotEmpty(java.lang.CharSequence,java.lang.String,java.lang.Object[])
androidx.core.util.Predicate
androidx.core.util.RangeKt$toClosedRange$1
androidx.core.util.RangeKt
androidx.core.util.RunnableKt
androidx.core.util.SizeFCompat$Api21Impl
androidx.core.util.SizeFCompat
androidx.core.util.SizeKt
androidx.core.util.SparseArrayKt$keyIterator$1
androidx.core.util.SparseArrayKt$valueIterator$1
androidx.core.util.SparseArrayKt
androidx.core.util.SparseBooleanArrayKt$keyIterator$1
androidx.core.util.SparseBooleanArrayKt$valueIterator$1
androidx.core.util.SparseBooleanArrayKt
androidx.core.util.SparseIntArrayKt$keyIterator$1
androidx.core.util.SparseIntArrayKt$valueIterator$1
androidx.core.util.SparseIntArrayKt
androidx.core.util.SparseLongArrayKt$keyIterator$1
androidx.core.util.SparseLongArrayKt$valueIterator$1
androidx.core.util.SparseLongArrayKt
androidx.core.util.Supplier
androidx.core.util.TimeUtils
androidx.core.util.TypedValueCompat$Api34Impl
androidx.core.util.TypedValueCompat$ComplexDimensionUnit
androidx.core.util.TypedValueCompat
androidx.core.view.AccessibilityDelegateCompat$Api16Impl:
    private void <init>()
androidx.core.view.ActionProvider$SubUiVisibilityListener:
    public abstract void onSubUiVisibilityChanged(boolean)
androidx.core.view.ActionProvider:
    private static final java.lang.String TAG
    public android.content.Context getContext()
    public void refreshVisibility()
    public void subUiVisibilityChanged(boolean)
androidx.core.view.Api16Impl
androidx.core.view.ContentInfoCompat$Api31Impl
androidx.core.view.ContentInfoCompat$Builder:
    public void <init>(androidx.core.view.ContentInfoCompat)
    public androidx.core.view.ContentInfoCompat$Builder setClip(android.content.ClipData)
    public androidx.core.view.ContentInfoCompat$Builder setSource(int)
androidx.core.view.ContentInfoCompat$BuilderCompat31Impl:
    void <init>(androidx.core.view.ContentInfoCompat)
    public void setClip(android.content.ClipData)
    public void setSource(int)
androidx.core.view.ContentInfoCompat$BuilderCompat:
    public abstract void setClip(android.content.ClipData)
    public abstract void setSource(int)
androidx.core.view.ContentInfoCompat$BuilderCompatImpl:
    void <init>(androidx.core.view.ContentInfoCompat)
    public void setClip(android.content.ClipData)
    public void setSource(int)
androidx.core.view.ContentInfoCompat$Compat31Impl:
    public android.os.Bundle getExtras()
    public android.net.Uri getLinkUri()